TN:
SF:/home/meteoriw/CPP4_3DViewer_v2.0-1/src/unit-tests/tests.cpp
FN:103,109,_ZN28ViewerModelTest_loadobj_Test8TestBodyEv
FN:103,109,_ZN28ViewerModelTest_loadobj_TestC2Ev
FN:103,109,_ZN28ViewerModelTest_loadobj_TestD0Ev
FN:103,109,_ZN28ViewerModelTest_loadobj_TestD2Ev
FN:12,12,_ZN27ViewerModelTest_Test_1_Test8TestBodyEv
FN:12,12,_ZN27ViewerModelTest_Test_1_TestC2Ev
FN:12,12,_ZN27ViewerModelTest_Test_1_TestD0Ev
FN:12,12,_ZN27ViewerModelTest_Test_1_TestD2Ev
FN:28,28,_ZN27ViewerModelTest_Test_2_Test8TestBodyEv
FN:28,28,_ZN27ViewerModelTest_Test_2_TestC2Ev
FN:28,28,_ZN27ViewerModelTest_Test_2_TestD0Ev
FN:28,28,_ZN27ViewerModelTest_Test_2_TestD2Ev
FN:44,44,_ZN27ViewerModelTest_Test_3_Test8TestBodyEv
FN:44,44,_ZN27ViewerModelTest_Test_3_TestC2Ev
FN:44,44,_ZN27ViewerModelTest_Test_3_TestD0Ev
FN:44,44,_ZN27ViewerModelTest_Test_3_TestD2Ev
FN:52,52,_ZN27ViewerModelTest_Test_4_Test8TestBodyEv
FN:52,52,_ZN27ViewerModelTest_Test_4_TestC2Ev
FN:52,52,_ZN27ViewerModelTest_Test_4_TestD0Ev
FN:52,52,_ZN27ViewerModelTest_Test_4_TestD2Ev
FN:7,10,main
FN:72,72,_ZN39ViewerModelTest_Test_SetFacetWidth_Test8TestBodyEv
FN:72,72,_ZN39ViewerModelTest_Test_SetFacetWidth_TestC2Ev
FN:72,72,_ZN39ViewerModelTest_Test_SetFacetWidth_TestD0Ev
FN:72,72,_ZN39ViewerModelTest_Test_SetFacetWidth_TestD2Ev
FN:85,85,_ZN34ViewerModelTest_Test_Strategy_Test8TestBodyEv
FN:85,85,_ZN34ViewerModelTest_Test_Strategy_TestC2Ev
FN:85,85,_ZN34ViewerModelTest_Test_Strategy_TestD0Ev
FN:85,85,_ZN34ViewerModelTest_Test_Strategy_TestD2Ev
FNDA:3,_ZN28ViewerModelTest_loadobj_Test8TestBodyEv
FNDA:3,_ZN28ViewerModelTest_loadobj_TestC2Ev
FNDA:3,_ZN28ViewerModelTest_loadobj_TestD0Ev
FNDA:3,_ZN28ViewerModelTest_loadobj_TestD2Ev
FNDA:3,_ZN27ViewerModelTest_Test_1_Test8TestBodyEv
FNDA:3,_ZN27ViewerModelTest_Test_1_TestC2Ev
FNDA:3,_ZN27ViewerModelTest_Test_1_TestD0Ev
FNDA:3,_ZN27ViewerModelTest_Test_1_TestD2Ev
FNDA:3,_ZN27ViewerModelTest_Test_2_Test8TestBodyEv
FNDA:3,_ZN27ViewerModelTest_Test_2_TestC2Ev
FNDA:3,_ZN27ViewerModelTest_Test_2_TestD0Ev
FNDA:3,_ZN27ViewerModelTest_Test_2_TestD2Ev
FNDA:3,_ZN27ViewerModelTest_Test_3_Test8TestBodyEv
FNDA:3,_ZN27ViewerModelTest_Test_3_TestC2Ev
FNDA:3,_ZN27ViewerModelTest_Test_3_TestD0Ev
FNDA:3,_ZN27ViewerModelTest_Test_3_TestD2Ev
FNDA:3,_ZN27ViewerModelTest_Test_4_Test8TestBodyEv
FNDA:3,_ZN27ViewerModelTest_Test_4_TestC2Ev
FNDA:3,_ZN27ViewerModelTest_Test_4_TestD0Ev
FNDA:3,_ZN27ViewerModelTest_Test_4_TestD2Ev
FNDA:3,main
FNDA:3,_ZN39ViewerModelTest_Test_SetFacetWidth_Test8TestBodyEv
FNDA:3,_ZN39ViewerModelTest_Test_SetFacetWidth_TestC2Ev
FNDA:3,_ZN39ViewerModelTest_Test_SetFacetWidth_TestD0Ev
FNDA:3,_ZN39ViewerModelTest_Test_SetFacetWidth_TestD2Ev
FNDA:3,_ZN34ViewerModelTest_Test_Strategy_Test8TestBodyEv
FNDA:3,_ZN34ViewerModelTest_Test_Strategy_TestC2Ev
FNDA:3,_ZN34ViewerModelTest_Test_Strategy_TestD0Ev
FNDA:3,_ZN34ViewerModelTest_Test_Strategy_TestD2Ev
FNF:29
FNH:29
DA:7,3
DA:8,3
DA:9,3
DA:12,12
DA:13,3
DA:14,3
DA:15,3
DA:16,3
DA:17,3
DA:18,3
DA:19,3
DA:20,3
DA:21,3
DA:22,3
DA:23,3
DA:24,3
DA:25,3
DA:26,3
DA:28,12
DA:29,3
DA:30,3
DA:31,3
DA:32,3
DA:33,3
DA:34,3
DA:35,3
DA:36,3
DA:37,3
DA:38,3
DA:39,3
DA:40,3
DA:41,3
DA:42,3
DA:44,12
DA:45,3
DA:46,3
DA:47,3
DA:48,3
DA:49,3
DA:50,3
DA:52,12
DA:53,3
DA:54,3
DA:55,3
DA:56,3
DA:57,3
DA:58,3
DA:59,3
DA:60,3
DA:62,3
DA:63,3
DA:64,3
DA:65,3
DA:66,3
DA:67,3
DA:68,3
DA:69,3
DA:70,3
DA:72,12
DA:73,3
DA:74,3
DA:75,3
DA:76,3
DA:77,3
DA:78,3
DA:79,3
DA:80,3
DA:81,3
DA:82,3
DA:83,3
DA:85,12
DA:86,3
DA:87,3
DA:88,3
DA:89,3
DA:90,3
DA:91,3
DA:92,3
DA:93,3
DA:94,3
DA:95,3
DA:96,3
DA:97,3
DA:98,3
DA:99,3
DA:100,3
DA:101,3
DA:103,12
DA:104,3
DA:105,3
DA:106,3
DA:107,3
DA:108,3
DA:109,3
LF:94
LH:94
end_of_record
TN:
SF:/home/meteoriw/CPP4_3DViewer_v2.0-1/src/viewer_model/viewer_model.cpp
FN:13,38,_ZN3s2111ViewerModel15translateFigureERK15translateActionf
FN:134,149,_ZN3s2111ViewerModel10setDefaultEi
FN:156,170,_ZN3s2111ViewerModel13setFacetWidthERK9ScaleType
FN:178,181,_ZN3s2113SetFacetColor8setColorERK6QColorR15ModelDefinition
FN:189,192,_ZN3s2115SetVerticeColor8setColorERK6QColorR15ModelDefinition
FN:200,203,_ZN3s2118SetBackGroundColor8setColorERK6QColorR15ModelDefinition
FN:208,208,_ZN3s2111ViewerModelC2Ev
FN:213,216,_ZN3s2111ViewerModelD2Ev
FN:224,230,_ZN3s2111ViewerModel16SetColorStrategyEPNS_8SetColorERK6QColor
FN:237,240,_ZN3s2111ViewerModel13setFacetColorERK6QColor
FN:247,250,_ZN3s2111ViewerModel15setVerticeColorERK6QColor
FN:257,260,_ZN3s2111ViewerModel18setBackGroundColorERK6QColor
FN:267,275,_ZN3s2111ViewerModel15setVerticeWidthERK9ScaleType
FN:282,284,_ZN3s2111ViewerModel14setVerticeTypeERK11VerticeType
FN:291,294,_ZN3s2111ViewerModel15MouseButtonMoveE6QPoint
FN:301,303,_ZN3s2111ViewerModel14MouseWheelMoveE6QPoint
FN:310,346,_ZN3s2111ViewerModel7loadOBJERK7QString
FN:353,353,_ZN3s2111ViewerModel11getVerticesEv
FN:360,360,_ZN3s2111ViewerModel9getFacetsEv
FN:367,369,_ZN3s2111ViewerModel18getAffineTransformEv
FN:376,376,_ZN3s2111ViewerModel18getModelDefinitionEv
FN:381,415,_ZN3s2111ViewerModel17normalizeVerticesEv
FN:420,433,_ZN3s2111ViewerModel19saveModelDefinitionEv
FN:438,471,_ZN3s2111ViewerModel19readModelDefinitionEv
FN:47,72,_ZN3s2111ViewerModel10rotateAxisERK12rotateActionf
FN:479,485,_ZN3s2111ViewerModel9makeFloatERK7QString
FN:79,84,_ZN3s2111ViewerModel13setProjectionERK14ProjectionType
FN:93,127,_ZN3s2111ViewerModel11scaleFigureERK9ScaleTypef
FNDA:18,_ZN3s2111ViewerModel15translateFigureERK15translateActionf
FNDA:9,_ZN3s2111ViewerModel10setDefaultEi
FNDA:12,_ZN3s2111ViewerModel13setFacetWidthERK9ScaleType
FNDA:3,_ZN3s2113SetFacetColor8setColorERK6QColorR15ModelDefinition
FNDA:3,_ZN3s2115SetVerticeColor8setColorERK6QColorR15ModelDefinition
FNDA:3,_ZN3s2118SetBackGroundColor8setColorERK6QColorR15ModelDefinition
FNDA:21,_ZN3s2111ViewerModelC2Ev
FNDA:21,_ZN3s2111ViewerModelD2Ev
FNDA:9,_ZN3s2111ViewerModel16SetColorStrategyEPNS_8SetColorERK6QColor
FNDA:3,_ZN3s2111ViewerModel13setFacetColorERK6QColor
FNDA:3,_ZN3s2111ViewerModel15setVerticeColorERK6QColor
FNDA:3,_ZN3s2111ViewerModel18setBackGroundColorERK6QColor
FNDA:6,_ZN3s2111ViewerModel15setVerticeWidthERK9ScaleType
FNDA:3,_ZN3s2111ViewerModel14setVerticeTypeERK11VerticeType
FNDA:3,_ZN3s2111ViewerModel15MouseButtonMoveE6QPoint
FNDA:3,_ZN3s2111ViewerModel14MouseWheelMoveE6QPoint
FNDA:3,_ZN3s2111ViewerModel7loadOBJERK7QString
FNDA:0,_ZN3s2111ViewerModel11getVerticesEv
FNDA:0,_ZN3s2111ViewerModel9getFacetsEv
FNDA:63,_ZN3s2111ViewerModel18getAffineTransformEv
FNDA:15,_ZN3s2111ViewerModel18getModelDefinitionEv
FNDA:2,_ZN3s2111ViewerModel17normalizeVerticesEv
FNDA:21,_ZN3s2111ViewerModel19saveModelDefinitionEv
FNDA:21,_ZN3s2111ViewerModel19readModelDefinitionEv
FNDA:18,_ZN3s2111ViewerModel10rotateAxisERK12rotateActionf
FNDA:3,_ZN3s2111ViewerModel9makeFloatERK7QString
FNDA:12,_ZN3s2111ViewerModel13setProjectionERK14ProjectionType
FNDA:24,_ZN3s2111ViewerModel11scaleFigureERK9ScaleTypef
FNF:28
FNH:26
DA:13,18
DA:15,18
DA:16,18
DA:17,3
DA:18,3
DA:19,3
DA:20,3
DA:21,3
DA:22,3
DA:23,3
DA:24,3
DA:25,3
DA:26,3
DA:27,3
DA:28,3
DA:29,3
DA:30,3
DA:31,3
DA:32,3
DA:33,3
DA:34,3
DA:35,0
DA:36,0
DA:38,18
DA:47,18
DA:49,18
DA:50,18
DA:51,3
DA:52,3
DA:53,3
DA:54,3
DA:55,3
DA:56,3
DA:57,3
DA:58,3
DA:59,3
DA:60,3
DA:61,3
DA:62,3
DA:63,3
DA:64,3
DA:65,3
DA:66,3
DA:67,3
DA:68,3
DA:69,0
DA:70,0
DA:72,18
DA:79,12
DA:80,12
DA:81,6
DA:83,6
DA:84,12
DA:93,24
DA:94,24
DA:96,12
DA:97,6
DA:99,6
DA:100,12
DA:101,6
DA:104,6
DA:108,12
DA:109,12
DA:112,12
DA:113,6
DA:115,6
DA:116,12
DA:117,6
DA:119,6
DA:122,12
DA:123,0
DA:124,12
DA:125,0
DA:127,24
DA:134,9
DA:135,9
DA:136,9
DA:137,9
DA:138,9
DA:139,9
DA:140,9
DA:141,9
DA:142,9
DA:143,9
DA:144,9
DA:145,6
DA:146,6
DA:147,6
DA:149,9
DA:156,12
DA:157,12
DA:158,6
DA:159,3
DA:161,3
DA:163,6
DA:164,6
DA:165,3
DA:166,3
DA:167,3
DA:170,12
DA:178,3
DA:180,3
DA:181,3
DA:189,3
DA:191,3
DA:192,3
DA:200,3
DA:202,3
DA:203,3
DA:208,21
DA:213,21
DA:214,21
DA:215,21
DA:216,21
DA:224,9
DA:225,9
DA:226,6
DA:228,9
DA:229,9
DA:230,9
DA:237,3
DA:238,3
DA:239,3
DA:240,3
DA:247,3
DA:248,3
DA:249,3
DA:250,3
DA:257,3
DA:258,3
DA:259,3
DA:260,3
DA:267,6
DA:268,6
DA:269,3
DA:270,3
DA:271,3
DA:272,3
DA:273,3
DA:275,6
DA:282,3
DA:283,3
DA:284,3
DA:291,3
DA:292,3
DA:293,3
DA:294,3
DA:301,3
DA:302,3
DA:303,3
DA:310,3
DA:311,3
DA:312,3
DA:313,3
DA:314,3
DA:315,3
DA:316,3
DA:317,3
DA:318,3
DA:319,3
DA:321,3
DA:322,3
DA:323,3
DA:324,1
DA:325,1
DA:328,2
DA:329,24894
DA:330,24892
DA:331,11594
DA:332,11594
DA:333,11594
DA:334,11594
DA:335,24892
DA:336,12546
DA:337,12546
DA:338,60770
DA:339,48224
DA:340,48224
DA:342,12546
DA:344,2
DA:345,2
DA:346,4
DA:353,0
DA:360,0
DA:367,63
DA:368,63
DA:376,15
DA:381,2
DA:382,2
DA:385,2
DA:386,2
DA:387,2
DA:389,11596
DA:390,11594
DA:391,11594
DA:392,11594
DA:393,11594
DA:394,11594
DA:395,11594
DA:399,2
DA:400,2
DA:401,2
DA:404,2
DA:405,2
DA:406,2
DA:407,2
DA:410,11596
DA:411,11594
DA:412,11594
DA:413,11594
DA:420,21
DA:421,21
DA:422,21
DA:423,7
DA:424,7
DA:426,14
DA:427,14
DA:428,28
DA:429,28
DA:430,14
DA:431,14
DA:432,14
DA:433,21
DA:438,21
DA:439,21
DA:440,21
DA:441,7
DA:442,7
DA:444,14
DA:445,14
DA:446,14
DA:447,14
DA:448,14
DA:449,0
DA:451,14
DA:452,14
DA:453,14
DA:454,14
DA:455,14
DA:456,14
DA:458,14
DA:460,14
DA:461,14
DA:462,0
DA:463,0
DA:464,0
DA:465,0
DA:466,14
DA:468,14
DA:469,14
DA:470,14
DA:471,21
DA:479,3
DA:480,3
DA:481,3
DA:482,3
DA:483,3
DA:484,3
DA:485,3
LF:259
LH:246
end_of_record
TN:
SF:/home/meteoriw/CPP4_3DViewer_v2.0-1/src/viewer_model/viewer_model.h
FN:13,13,_ZN3s218SetColorD0Ev
FN:13,13,_ZN3s218SetColorD2Ev
FNDA:0,_ZN3s218SetColorD0Ev
FNDA:9,_ZN3s218SetColorD2Ev
FNF:2
FNH:1
DA:13,9
LF:1
LH:1
end_of_record
